<?xml version="1.0" encoding="UTF-8"?>
<!-- Generated by org.testng.reporters.JUnitXMLReporter -->
<testsuite hostname="PC-20170725TZYG" name="127.0.0.1:62001" tests="1" failures="1" timestamp="30 Mar 2018 05:57:51 GMT" time="550.255" errors="0">
  <testcase name="sreachAddProductCase" time="531.535" classname="cn.crazy.appium.testcases.WeChatCase">
    <failure type="org.openqa.selenium.NoSuchElementException" message="An element could not be located on the page using the given search parameters. (WARNING: The server did not provide any stacktrace information)
Command duration or timeout: 0 milliseconds
For documentation on this error, please visit: http://seleniumhq.org/exceptions/no_such_element.html
Build info: version: &amp;apos;3.5.2&amp;apos;, revision: &amp;apos;10229a9&amp;apos;, time: &amp;apos;2017-08-21T17:29:55.15Z&amp;apos;
System info: host: &amp;apos;PC-20170725TZYG&amp;apos;, ip: &amp;apos;192.168.4.50&amp;apos;, os.name: &amp;apos;Windows 7&amp;apos;, os.arch: &amp;apos;amd64&amp;apos;, os.version: &amp;apos;6.1&amp;apos;, java.version: &amp;apos;1.8.0_141&amp;apos;
Driver info: cn.crazy.appium.base.AndroidDriverBase
Capabilities [{appPackage=com.hx.socialapp, noReset=true, deviceName=127.0.0.1:62001, platform=LINUX, deviceUDID=127.0.0.1:62001, desired={app=D:\hym\apk\hx_andr_app_www_1.86-201709291556.apk, appPackage=com.hx.socialapp, appActivity=.SplashActivity, noReset=true, noSign=true, newCommandTimeout=1200, unicodeKeyboard=true, udid=127.0.0.1:62001, platformName=Android, deviceName=devicename, resetKeyboard=true}, newCommandTimeout=1200, platformVersion=4.4.2, webStorageEnabled=false, takesScreenshot=true, javascriptEnabled=true, unicodeKeyboard=true, udid=127.0.0.1:62001, platformName=Android, deviceManufacturer=Xiaomi, resetKeyboard=true, app=D:\hym\apk\hx_andr_app_www_1.86-201709291556.apk, deviceScreenSize=1080x1920, networkConnectionEnabled=true, noSign=true, warnings={}, databaseEnabled=false, appActivity=.SplashActivity, locationContextEnabled=false, deviceModel=MI 2}]
Session ID: 8eae12d9-f7fc-4493-ab17-621ad33bd3f2">
      <![CDATA[org.openqa.selenium.NoSuchElementException: An element could not be located on the page using the given search parameters. (WARNING: The server did not provide any stacktrace information)
Command duration or timeout: 0 milliseconds
For documentation on this error, please visit: http://seleniumhq.org/exceptions/no_such_element.html
Build info: version: '3.5.2', revision: '10229a9', time: '2017-08-21T17:29:55.15Z'
System info: host: 'PC-20170725TZYG', ip: '192.168.4.50', os.name: 'Windows 7', os.arch: 'amd64', os.version: '6.1', java.version: '1.8.0_141'
Driver info: cn.crazy.appium.base.AndroidDriverBase
Capabilities [{appPackage=com.hx.socialapp, noReset=true, deviceName=127.0.0.1:62001, platform=LINUX, deviceUDID=127.0.0.1:62001, desired={app=D:\hym\apk\hx_andr_app_www_1.86-201709291556.apk, appPackage=com.hx.socialapp, appActivity=.SplashActivity, noReset=true, noSign=true, newCommandTimeout=1200, unicodeKeyboard=true, udid=127.0.0.1:62001, platformName=Android, deviceName=devicename, resetKeyboard=true}, newCommandTimeout=1200, platformVersion=4.4.2, webStorageEnabled=false, takesScreenshot=true, javascriptEnabled=true, unicodeKeyboard=true, udid=127.0.0.1:62001, platformName=Android, deviceManufacturer=Xiaomi, resetKeyboard=true, app=D:\hym\apk\hx_andr_app_www_1.86-201709291556.apk, deviceScreenSize=1080x1920, networkConnectionEnabled=true, noSign=true, warnings={}, databaseEnabled=false, appActivity=.SplashActivity, locationContextEnabled=false, deviceModel=MI 2}]
Session ID: 8eae12d9-f7fc-4493-ab17-621ad33bd3f2
	at org.openqa.selenium.remote.ErrorHandler.createThrowable(ErrorHandler.java:215)
	at org.openqa.selenium.remote.ErrorHandler.throwIfResponseFailed(ErrorHandler.java:167)
	at org.openqa.selenium.remote.http.JsonHttpResponseCodec.reconstructValue(JsonHttpResponseCodec.java:40)
	at org.openqa.selenium.remote.http.AbstractHttpResponseCodec.decode(AbstractHttpResponseCodec.java:82)
	at org.openqa.selenium.remote.http.AbstractHttpResponseCodec.decode(AbstractHttpResponseCodec.java:45)
	at org.openqa.selenium.remote.HttpCommandExecutor.execute(HttpCommandExecutor.java:164)
	at io.appium.java_client.remote.AppiumCommandExecutor.execute(AppiumCommandExecutor.java:89)
	at org.openqa.selenium.remote.RemoteWebDriver.execute(RemoteWebDriver.java:641)
	at io.appium.java_client.DefaultGenericMobileDriver.execute(DefaultGenericMobileDriver.java:42)
	at io.appium.java_client.AppiumDriver.execute(AppiumDriver.java:1)
	at io.appium.java_client.android.AndroidDriver.execute(AndroidDriver.java:1)
	at cn.crazy.appium.base.AndroidDriverBase.execute(AndroidDriverBase.java:1)
	at org.openqa.selenium.remote.RemoteWebElement.execute(RemoteWebElement.java:275)
	at io.appium.java_client.DefaultGenericMobileElement.execute(DefaultGenericMobileElement.java:45)
	at io.appium.java_client.MobileElement.execute(MobileElement.java:1)
	at io.appium.java_client.android.AndroidElement.execute(AndroidElement.java:1)
	at org.openqa.selenium.remote.RemoteWebElement.click(RemoteWebElement.java:82)
	at cn.crazy.appium.page.WeChatPage.searchAdd(WeChatPage.java:94)
	at cn.crazy.appium.testcases.WeChatCase.sreachAddProductCase(WeChatCase.java:57)
	at java.util.concurrent.FutureTask.run(FutureTask.java:266)
	at java.util.concurrent.ThreadPoolExecutor.runWorker(ThreadPoolExecutor.java:1149)
	at java.util.concurrent.ThreadPoolExecutor$Worker.run(ThreadPoolExecutor.java:624)
	at java.lang.Thread.run(Thread.java:748)
... Removed 20 stack frames]]>
    </failure>
  </testcase> <!-- sreachAddProductCase -->
</testsuite> <!-- 127.0.0.1:62001 -->
