<?xml version="1.0" encoding="UTF-8"?>
<!-- Generated by org.testng.reporters.JUnitXMLReporter -->
<testsuite hostname="PC-20170725TZYG" name="127.0.0.1:62025" tests="16" failures="1" timestamp="29 Sep 2017 01:42:23 GMT" time="2.599" errors="0">
  <testcase name="@AfterMethod afterMethod" time="0.0" classname="cn.crazy.appium.testcases.LoginRegister">
    <failure type="java.lang.NullPointerException">
      <![CDATA[java.lang.NullPointerException
	at cn.crazy.appium.testcases.LoginRegister.afterMethod(LoginRegister.java:150)
	at java.util.concurrent.FutureTask.run(FutureTask.java:266)
	at java.util.concurrent.ThreadPoolExecutor.runWorker(ThreadPoolExecutor.java:1149)
	at java.util.concurrent.ThreadPoolExecutor$Worker.run(ThreadPoolExecutor.java:624)
	at java.lang.Thread.run(Thread.java:748)
... Removed 18 stack frames]]>
    </failure>
  </testcase> <!-- @AfterMethod afterMethod -->
  <testcase name="@AfterMethod afterMethod" time="0.0" classname="cn.crazy.appium.testcases.LoginRegister">
    <skipped/>
  </testcase> <!-- @AfterMethod afterMethod -->
  <testcase name="@AfterMethod afterMethod" time="0.0" classname="cn.crazy.appium.testcases.LoginRegister">
    <skipped/>
  </testcase> <!-- @AfterMethod afterMethod -->
  <testcase name="@AfterMethod afterMethod" time="0.0" classname="cn.crazy.appium.testcases.LoginRegister">
    <skipped/>
  </testcase> <!-- @AfterMethod afterMethod -->
  <testcase name="@AfterMethod afterMethod" time="0.0" classname="cn.crazy.appium.testcases.LoginRegister">
    <skipped/>
  </testcase> <!-- @AfterMethod afterMethod -->
  <testcase name="@AfterMethod afterMethod" time="0.0" classname="cn.crazy.appium.testcases.LoginRegister">
    <skipped/>
  </testcase> <!-- @AfterMethod afterMethod -->
  <testcase name="@AfterMethod afterMethod" time="0.0" classname="cn.crazy.appium.testcases.LoginRegister">
    <skipped/>
  </testcase> <!-- @AfterMethod afterMethod -->
  <testcase name="@AfterMethod afterMethod" time="0.0" classname="cn.crazy.appium.testcases.LoginRegister">
    <skipped/>
  </testcase> <!-- @AfterMethod afterMethod -->
  <testcase name="@AfterMethod afterMethod" time="0.0" classname="cn.crazy.appium.testcases.LoginRegister">
    <skipped/>
  </testcase> <!-- @AfterMethod afterMethod -->
  <testcase name="@AfterMethod afterMethod" time="0.0" classname="cn.crazy.appium.testcases.LoginRegister">
    <skipped/>
  </testcase> <!-- @AfterMethod afterMethod -->
  <testcase name="@AfterMethod afterMethod" time="0.0" classname="cn.crazy.appium.testcases.LoginRegister">
    <skipped/>
  </testcase> <!-- @AfterMethod afterMethod -->
  <testcase name="@AfterMethod afterMethod" time="0.0" classname="cn.crazy.appium.testcases.LoginRegister">
    <skipped/>
  </testcase> <!-- @AfterMethod afterMethod -->
  <testcase name="@AfterMethod afterMethod" time="0.0" classname="cn.crazy.appium.testcases.LoginRegister">
    <skipped/>
  </testcase> <!-- @AfterMethod afterMethod -->
  <testcase name="@AfterMethod afterMethod" time="0.0" classname="cn.crazy.appium.testcases.LoginRegister">
    <skipped/>
  </testcase> <!-- @AfterMethod afterMethod -->
  <testcase name="@AfterMethod afterMethod" time="0.0" classname="cn.crazy.appium.testcases.LoginRegister">
    <skipped/>
  </testcase> <!-- @AfterMethod afterMethod -->
  <testcase name="@AfterMethod afterMethod" time="0.0" classname="cn.crazy.appium.testcases.LoginRegister">
    <skipped/>
  </testcase> <!-- @AfterMethod afterMethod -->
  <testcase name="login" time="0.004" classname="cn.crazy.appium.testcases.LoginRegister">
    <failure type="java.lang.NullPointerException">
      <![CDATA[java.lang.NullPointerException
	at cn.crazy.appium.testcases.LoginRegister.login(LoginRegister.java:57)
	at java.util.concurrent.FutureTask.run(FutureTask.java:266)
	at java.util.concurrent.ThreadPoolExecutor.runWorker(ThreadPoolExecutor.java:1149)
	at java.util.concurrent.ThreadPoolExecutor$Worker.run(ThreadPoolExecutor.java:624)
	at java.lang.Thread.run(Thread.java:748)
... Removed 16 stack frames]]>
    </failure>
  </testcase> <!-- login -->
  <testcase name="login" time="0.001" classname="cn.crazy.appium.testcases.LoginRegister">
    <skipped/>
  </testcase> <!-- login -->
  <testcase name="login" time="0.0" classname="cn.crazy.appium.testcases.LoginRegister">
    <skipped/>
  </testcase> <!-- login -->
  <testcase name="login" time="0.001" classname="cn.crazy.appium.testcases.LoginRegister">
    <skipped/>
  </testcase> <!-- login -->
  <testcase name="login" time="0.001" classname="cn.crazy.appium.testcases.LoginRegister">
    <skipped/>
  </testcase> <!-- login -->
  <testcase name="login" time="0.001" classname="cn.crazy.appium.testcases.LoginRegister">
    <skipped/>
  </testcase> <!-- login -->
  <testcase name="login" time="0.0" classname="cn.crazy.appium.testcases.LoginRegister">
    <skipped/>
  </testcase> <!-- login -->
  <testcase name="forget" time="0.001" classname="cn.crazy.appium.testcases.LoginRegister">
    <skipped/>
  </testcase> <!-- forget -->
  <testcase name="forget" time="0.0" classname="cn.crazy.appium.testcases.LoginRegister">
    <skipped/>
  </testcase> <!-- forget -->
  <testcase name="forget" time="0.001" classname="cn.crazy.appium.testcases.LoginRegister">
    <skipped/>
  </testcase> <!-- forget -->
  <testcase name="forget" time="0.001" classname="cn.crazy.appium.testcases.LoginRegister">
    <skipped/>
  </testcase> <!-- forget -->
  <testcase name="forget" time="0.001" classname="cn.crazy.appium.testcases.LoginRegister">
    <skipped/>
  </testcase> <!-- forget -->
  <testcase name="forget" time="0.0" classname="cn.crazy.appium.testcases.LoginRegister">
    <skipped/>
  </testcase> <!-- forget -->
  <testcase name="forget" time="0.001" classname="cn.crazy.appium.testcases.LoginRegister">
    <skipped/>
  </testcase> <!-- forget -->
  <testcase name="forget" time="0.0" classname="cn.crazy.appium.testcases.LoginRegister">
    <skipped/>
  </testcase> <!-- forget -->
  <testcase name="regCase" time="0.0" classname="cn.crazy.appium.testcases.LoginRegister">
    <skipped/>
  </testcase> <!-- regCase -->
</testsuite> <!-- 127.0.0.1:62025 -->
