<?xml version="1.0" encoding="UTF-8"?>
<!-- Generated by org.testng.reporters.JUnitXMLReporter -->
<testsuite hostname="HYM-PC" name="HGA7NY13" tests="8" failures="2" timestamp="17 Aug 2017 09:54:16 GMT" time="401.353" errors="0">
  <testcase name="login" time="24.969" classname="cn.crazy.appium.testcases.ZhihuTest"/>
  <testcase name="login" time="24.7" classname="cn.crazy.appium.testcases.ZhihuTest"/>
  <testcase name="login" time="24.747" classname="cn.crazy.appium.testcases.ZhihuTest"/>
  <testcase name="login" time="32.401" classname="cn.crazy.appium.testcases.ZhihuTest"/>
  <testcase name="login" time="25.496" classname="cn.crazy.appium.testcases.ZhihuTest"/>
  <testcase name="login" time="35.498" classname="cn.crazy.appium.testcases.ZhihuTest"/>
  <testcase name="changePerInfoTest" time="144.226" classname="cn.crazy.appium.testcases.PerInfoTest">
    <failure type="java.lang.NullPointerException">
      <![CDATA[java.lang.NullPointerException
	at cn.crazy.appium.base.AndroidDriverBase.swipeOnElement(AndroidDriverBase.java:180)
	at cn.crazy.appium.base.AndroidDriverBase.swipeOnElement(AndroidDriverBase.java:198)
	at cn.crazy.appium.page.PerInfoPage.changePersonInfo(PerInfoPage.java:50)
	at cn.crazy.appium.testcases.PerInfoTest.changePerInfoTest(PerInfoTest.java:47)
	at java.util.concurrent.FutureTask.run(FutureTask.java:266)
	at java.util.concurrent.ThreadPoolExecutor.runWorker(ThreadPoolExecutor.java:1142)
	at java.util.concurrent.ThreadPoolExecutor$Worker.run(ThreadPoolExecutor.java:617)
	at java.lang.Thread.run(Thread.java:748)
... Removed 16 stack frames]]>
    </failure>
  </testcase> <!-- changePerInfoTest -->
  <testcase name="regCase" time="21.39" classname="cn.crazy.appium.testcases.RegTest1">
    <failure type="org.openqa.selenium.NoSuchElementException" message="An element could not be located on the page using the given search parameters. (WARNING: The server did not provide any stacktrace information)
Command duration or timeout: 11.67 seconds
For documentation on this error, please visit: http://seleniumhq.org/exceptions/no_such_element.html
Build info: version: &amp;apos;2.53.0&amp;apos;, revision: &amp;apos;35ae25b1534ae328c771e0856c93e187490ca824&amp;apos;, time: &amp;apos;2016-03-15 10:43:46&amp;apos;
System info: host: &amp;apos;HYM-PC&amp;apos;, ip: &amp;apos;192.168.0.166&amp;apos;, os.name: &amp;apos;Windows 7&amp;apos;, os.arch: &amp;apos;x86&amp;apos;, os.version: &amp;apos;6.1&amp;apos;, java.version: &amp;apos;1.8.0_131&amp;apos;
Driver info: cn.crazy.appium.base.AndroidDriverBase
Capabilities [{app=G:\Users\HYM\Desktop\FlyBand.apk, appPackage=com.createbest.app.a16.flyband, networkConnectionEnabled=true, noSign=true, warnings={}, databaseEnabled=false, deviceName=HGA7N5BS, platform=LINUX, appActivity=com.cb.a16.guide.WelcomeActivity, desired={app=G:\Users\HYM\Desktop\FlyBand.apk, appPackage=com.createbest.app.a16.flyband, appActivity=com.cb.a16.guide.WelcomeActivity, noSign=true, newCommandTimeout=600, unicodeKeyboard=true, udid=HGA7N5BS, platformName=Android, deviceName=devicename, resetKeyboard=true}, newCommandTimeout=600, platformVersion=5.1, webStorageEnabled=false, locationContextEnabled=false, browserName=Android, takesScreenshot=true, javascriptEnabled=true, unicodeKeyboard=true, udid=HGA7N5BS, platformName=Android, resetKeyboard=true}]
Session ID: ebac5b65-4435-4c89-a6cb-3cd2ae4aa5c2">
      <![CDATA[org.openqa.selenium.NoSuchElementException: An element could not be located on the page using the given search parameters. (WARNING: The server did not provide any stacktrace information)
Command duration or timeout: 11.67 seconds
For documentation on this error, please visit: http://seleniumhq.org/exceptions/no_such_element.html
Build info: version: '2.53.0', revision: '35ae25b1534ae328c771e0856c93e187490ca824', time: '2016-03-15 10:43:46'
System info: host: 'HYM-PC', ip: '192.168.0.166', os.name: 'Windows 7', os.arch: 'x86', os.version: '6.1', java.version: '1.8.0_131'
Driver info: cn.crazy.appium.base.AndroidDriverBase
Capabilities [{app=G:\Users\HYM\Desktop\FlyBand.apk, appPackage=com.createbest.app.a16.flyband, networkConnectionEnabled=true, noSign=true, warnings={}, databaseEnabled=false, deviceName=HGA7N5BS, platform=LINUX, appActivity=com.cb.a16.guide.WelcomeActivity, desired={app=G:\Users\HYM\Desktop\FlyBand.apk, appPackage=com.createbest.app.a16.flyband, appActivity=com.cb.a16.guide.WelcomeActivity, noSign=true, newCommandTimeout=600, unicodeKeyboard=true, udid=HGA7N5BS, platformName=Android, deviceName=devicename, resetKeyboard=true}, newCommandTimeout=600, platformVersion=5.1, webStorageEnabled=false, locationContextEnabled=false, browserName=Android, takesScreenshot=true, javascriptEnabled=true, unicodeKeyboard=true, udid=HGA7N5BS, platformName=Android, resetKeyboard=true}]
Session ID: ebac5b65-4435-4c89-a6cb-3cd2ae4aa5c2
	at org.openqa.selenium.remote.ErrorHandler.createThrowable(ErrorHandler.java:206)
	at org.openqa.selenium.remote.ErrorHandler.throwIfResponseFailed(ErrorHandler.java:158)
	at org.openqa.selenium.remote.RemoteWebDriver.execute(RemoteWebDriver.java:678)
	at io.appium.java_client.DefaultGenericMobileDriver.execute(DefaultGenericMobileDriver.java:43)
	at io.appium.java_client.AppiumDriver.execute(AppiumDriver.java:1)
	at io.appium.java_client.android.AndroidDriver.execute(AndroidDriver.java:1)
	at cn.crazy.appium.base.AndroidDriverBase.execute(AndroidDriverBase.java:1)
	at org.openqa.selenium.remote.RemoteWebElement.execute(RemoteWebElement.java:327)
	at io.appium.java_client.DefaultGenericMobileElement.execute(DefaultGenericMobileElement.java:37)
	at io.appium.java_client.MobileElement.execute(MobileElement.java:1)
	at io.appium.java_client.android.AndroidElement.execute(AndroidElement.java:1)
	at org.openqa.selenium.remote.RemoteWebElement.click(RemoteWebElement.java:85)
	at cn.crazy.appium.page.BasePage.click(BasePage.java:46)
	at cn.crazy.appium.page.BasePage.click(BasePage.java:54)
	at cn.crazy.appium.page.RegPage.regTestCase(RegPage.java:22)
	at cn.crazy.appium.testcases.RegTest1.regCase(RegTest1.java:25)
	at java.util.concurrent.FutureTask.run(FutureTask.java:266)
	at java.util.concurrent.ThreadPoolExecutor.runWorker(ThreadPoolExecutor.java:1142)
	at java.util.concurrent.ThreadPoolExecutor$Worker.run(ThreadPoolExecutor.java:617)
	at java.lang.Thread.run(Thread.java:748)
... Removed 20 stack frames]]>
    </failure>
  </testcase> <!-- regCase -->
</testsuite> <!-- HGA7NY13 -->
