<?xml version="1.0" encoding="UTF-8"?>
<!-- Generated by org.testng.reporters.JUnitXMLReporter -->
<testsuite hostname="HYM-PC" name="HGA7N5BS" tests="1" failures="1" timestamp="31 Aug 2017 08:09:50 GMT" time="124.382" errors="0">
  <testcase name="traversaMenuCase" time="94.953" classname="cn.crazy.appium.testcases.TraversaMenuTest">
    <failure type="java.lang.NullPointerException">
      <![CDATA[java.lang.NullPointerException
	at cn.crazy.appium.page.LeftMenuPage.traversalMenu(LeftMenuPage.java:84)
	at cn.crazy.appium.testcases.TraversaMenuTest.traversaMenuCase(TraversaMenuTest.java:39)
	at java.util.concurrent.FutureTask.run(FutureTask.java:266)
	at java.util.concurrent.ThreadPoolExecutor.runWorker(ThreadPoolExecutor.java:1142)
	at java.util.concurrent.ThreadPoolExecutor$Worker.run(ThreadPoolExecutor.java:617)
	at java.lang.Thread.run(Thread.java:748)
... Removed 16 stack frames]]>
    </failure>
  </testcase> <!-- traversaMenuCase -->
</testsuite> <!-- HGA7N5BS -->
