<?xml version="1.0" encoding="UTF-8"?>
<testsuite name="127.0.0.1:62001"
           tests="23"
           failures="1"
           errors="0"
           skipped="0"
           time="970.262">
  <properties />
            <testcase name="regCase" time="173.422" classname="cn.crazy.appium.testcases.LoginRegisterCase">
                <failure type="java.lang.AssertionError"
                  message="login failure"
              >
<![CDATA[java.lang.AssertionError: login failure
  org.testng.Assert.fail(Assert.java:94)
  cn.crazy.appium.testcases.LoginRegisterCase.regCase(LoginRegisterCase.java:148)
  sun.reflect.NativeMethodAccessorImpl.invoke0(Native Method)
  sun.reflect.NativeMethodAccessorImpl.invoke(NativeMethodAccessorImpl.java:62)
  sun.reflect.DelegatingMethodAccessorImpl.invoke(DelegatingMethodAccessorImpl.java:43)
  java.lang.reflect.Method.invoke(Method.java:498)
  org.testng.internal.MethodInvocationHelper.invokeMethod(MethodInvocationHelper.java:84)
  org.testng.internal.Invoker.invokeMethod(Invoker.java:714)
  org.testng.internal.Invoker.invokeTestMethod(Invoker.java:901)
  org.testng.internal.Invoker.invokeTestMethods(Invoker.java:1231)
  org.testng.internal.TestMethodWorker.invokeTestMethods(TestMethodWorker.java:127)
  org.testng.internal.TestMethodWorker.run(TestMethodWorker.java:111)
  org.testng.TestRunner.privateRun(TestRunner.java:767)
  org.testng.TestRunner.run(TestRunner.java:617)
  org.testng.SuiteRunner.runTest(SuiteRunner.java:335)
  org.testng.SuiteRunner.access$000(SuiteRunner.java:37)
  org.testng.SuiteRunner$SuiteWorker.run(SuiteRunner.java:369)
  org.testng.internal.thread.ThreadUtil$2.call(ThreadUtil.java:64)
  java.util.concurrent.FutureTask.run(FutureTask.java:266)
  java.util.concurrent.ThreadPoolExecutor.runWorker(ThreadPoolExecutor.java:1149)
  java.util.concurrent.ThreadPoolExecutor$Worker.run(ThreadPoolExecutor.java:624)
  java.lang.Thread.run(Thread.java:748)
]]>
      </failure>

          </testcase>
  
  
            <testcase name="forget" time="113.718" classname="cn.crazy.appium.testcases.LoginRegisterCase" />
                <testcase name="login" time="31.216" classname="cn.crazy.appium.testcases.LoginRegisterCase" />
                <testcase name="login" time="29.316" classname="cn.crazy.appium.testcases.LoginRegisterCase" />
                <testcase name="regCase" time="31.584" classname="cn.crazy.appium.testcases.LoginRegisterCase" />
                <testcase name="forget" time="30.318" classname="cn.crazy.appium.testcases.LoginRegisterCase" />
                <testcase name="regCase" time="66.745" classname="cn.crazy.appium.testcases.LoginRegisterCase" />
                <testcase name="regCase" time="33.048" classname="cn.crazy.appium.testcases.LoginRegisterCase" />
                <testcase name="login" time="27.876" classname="cn.crazy.appium.testcases.LoginRegisterCase" />
                <testcase name="forget" time="31.859" classname="cn.crazy.appium.testcases.LoginRegisterCase" />
                <testcase name="regCase" time="31.450" classname="cn.crazy.appium.testcases.LoginRegisterCase" />
                <testcase name="forget" time="32.672" classname="cn.crazy.appium.testcases.LoginRegisterCase" />
                <testcase name="regCase" time="32.604" classname="cn.crazy.appium.testcases.LoginRegisterCase" />
                <testcase name="login" time="28.567" classname="cn.crazy.appium.testcases.LoginRegisterCase" />
                <testcase name="forget" time="30.952" classname="cn.crazy.appium.testcases.LoginRegisterCase" />
                <testcase name="forget" time="31.943" classname="cn.crazy.appium.testcases.LoginRegisterCase" />
                <testcase name="login" time="28.181" classname="cn.crazy.appium.testcases.LoginRegisterCase" />
                <testcase name="login" time="28.423" classname="cn.crazy.appium.testcases.LoginRegisterCase" />
                <testcase name="login" time="28.515" classname="cn.crazy.appium.testcases.LoginRegisterCase" />
                <testcase name="forget" time="31.205" classname="cn.crazy.appium.testcases.LoginRegisterCase" />
                <testcase name="forget" time="32.633" classname="cn.crazy.appium.testcases.LoginRegisterCase" />
                <testcase name="regCase" time="32.140" classname="cn.crazy.appium.testcases.LoginRegisterCase" />
                <testcase name="regCase" time="31.875" classname="cn.crazy.appium.testcases.LoginRegisterCase" />
      
</testsuite>
