<?xml version="1.0" encoding="UTF-8"?>
<testng-results skipped="0" failed="1" total="1" passed="0">
  <reporter-output>
  </reporter-output>
  <suite name="Suite" duration-ms="462867" started-at="2018-03-30T06:39:17Z" finished-at="2018-03-30T06:47:00Z">
    <groups>
    </groups>
    <test name="c8ebc45e" duration-ms="462867" started-at="2018-03-30T06:39:17Z" finished-at="2018-03-30T06:47:00Z">
      <class name="cn.crazy.appium.testcases.WeChatCase">
        <test-method status="PASS" signature="beforeClass(java.lang.String, java.lang.String)[pri:0, instance:cn.crazy.appium.testcases.WeChatCase@1e397ed7]" name="beforeClass" is-config="true" duration-ms="32609" started-at="2018-03-30T14:39:17Z" finished-at="2018-03-30T14:39:50Z">
          <params>
            <param index="0">
              <value>
                <![CDATA[c8ebc45e]]>
              </value>
            </param>
            <param index="1">
              <value>
                <![CDATA[4723]]>
              </value>
            </param>
          </params>
          <reporter-output>
          </reporter-output>
        </test-method> <!-- beforeClass -->
        <test-method status="FAIL" signature="sreachAddProductCase()[pri:0, instance:cn.crazy.appium.testcases.WeChatCase@1e397ed7]" name="sreachAddProductCase" duration-ms="430246" started-at="2018-03-30T14:39:50Z" finished-at="2018-03-30T14:47:00Z">
          <exception class="org.openqa.selenium.NoSuchElementException">
            <message>
              <![CDATA[An element could not be located on the page using the given search parameters. (WARNING: The server did not provide any stacktrace information)
Command duration or timeout: 0 milliseconds
For documentation on this error, please visit: http://seleniumhq.org/exceptions/no_such_element.html
Build info: version: '3.5.2', revision: '10229a9', time: '2017-08-21T17:29:55.15Z'
System info: host: 'PC-20170725TZYG', ip: '192.168.4.50', os.name: 'Windows 7', os.arch: 'amd64', os.version: '6.1', java.version: '1.8.0_141'
Driver info: cn.crazy.appium.base.AndroidDriverBase
Capabilities [{appPackage=com.hx.socialapp, noReset=true, deviceName=c8ebc45e, platform=LINUX, deviceUDID=c8ebc45e, desired={app=D:\hym\apk\hx_andr_app_www_1.86-201709291556.apk, appPackage=com.hx.socialapp, appActivity=.SplashActivity, noReset=true, noSign=true, newCommandTimeout=1200, unicodeKeyboard=true, udid=c8ebc45e, platformName=Android, deviceName=devicename, resetKeyboard=true}, newCommandTimeout=1200, platformVersion=6.0.1, webStorageEnabled=false, takesScreenshot=true, javascriptEnabled=true, unicodeKeyboard=true, udid=c8ebc45e, platformName=Android, deviceManufacturer=samsung, resetKeyboard=true, app=D:\hym\apk\hx_andr_app_www_1.86-201709291556.apk, deviceScreenSize=1080x1920, networkConnectionEnabled=true, noSign=true, warnings={}, databaseEnabled=false, appActivity=.SplashActivity, locationContextEnabled=false, deviceModel=SM-C7000}]
Session ID: 0b3d06f6-f7bf-42c5-8779-5269d9559ff8]]>
            </message>
            <full-stacktrace>
              <![CDATA[org.openqa.selenium.NoSuchElementException: An element could not be located on the page using the given search parameters. (WARNING: The server did not provide any stacktrace information)
Command duration or timeout: 0 milliseconds
For documentation on this error, please visit: http://seleniumhq.org/exceptions/no_such_element.html
Build info: version: '3.5.2', revision: '10229a9', time: '2017-08-21T17:29:55.15Z'
System info: host: 'PC-20170725TZYG', ip: '192.168.4.50', os.name: 'Windows 7', os.arch: 'amd64', os.version: '6.1', java.version: '1.8.0_141'
Driver info: cn.crazy.appium.base.AndroidDriverBase
Capabilities [{appPackage=com.hx.socialapp, noReset=true, deviceName=c8ebc45e, platform=LINUX, deviceUDID=c8ebc45e, desired={app=D:\hym\apk\hx_andr_app_www_1.86-201709291556.apk, appPackage=com.hx.socialapp, appActivity=.SplashActivity, noReset=true, noSign=true, newCommandTimeout=1200, unicodeKeyboard=true, udid=c8ebc45e, platformName=Android, deviceName=devicename, resetKeyboard=true}, newCommandTimeout=1200, platformVersion=6.0.1, webStorageEnabled=false, takesScreenshot=true, javascriptEnabled=true, unicodeKeyboard=true, udid=c8ebc45e, platformName=Android, deviceManufacturer=samsung, resetKeyboard=true, app=D:\hym\apk\hx_andr_app_www_1.86-201709291556.apk, deviceScreenSize=1080x1920, networkConnectionEnabled=true, noSign=true, warnings={}, databaseEnabled=false, appActivity=.SplashActivity, locationContextEnabled=false, deviceModel=SM-C7000}]
Session ID: 0b3d06f6-f7bf-42c5-8779-5269d9559ff8
	at sun.reflect.NativeConstructorAccessorImpl.newInstance0(Native Method)
	at sun.reflect.NativeConstructorAccessorImpl.newInstance(NativeConstructorAccessorImpl.java:62)
	at sun.reflect.DelegatingConstructorAccessorImpl.newInstance(DelegatingConstructorAccessorImpl.java:45)
	at java.lang.reflect.Constructor.newInstance(Constructor.java:423)
	at org.openqa.selenium.remote.ErrorHandler.createThrowable(ErrorHandler.java:215)
	at org.openqa.selenium.remote.ErrorHandler.throwIfResponseFailed(ErrorHandler.java:167)
	at org.openqa.selenium.remote.http.JsonHttpResponseCodec.reconstructValue(JsonHttpResponseCodec.java:40)
	at org.openqa.selenium.remote.http.AbstractHttpResponseCodec.decode(AbstractHttpResponseCodec.java:82)
	at org.openqa.selenium.remote.http.AbstractHttpResponseCodec.decode(AbstractHttpResponseCodec.java:45)
	at org.openqa.selenium.remote.HttpCommandExecutor.execute(HttpCommandExecutor.java:164)
	at io.appium.java_client.remote.AppiumCommandExecutor.execute(AppiumCommandExecutor.java:89)
	at org.openqa.selenium.remote.RemoteWebDriver.execute(RemoteWebDriver.java:641)
	at io.appium.java_client.DefaultGenericMobileDriver.execute(DefaultGenericMobileDriver.java:42)
	at io.appium.java_client.AppiumDriver.execute(AppiumDriver.java:1)
	at io.appium.java_client.android.AndroidDriver.execute(AndroidDriver.java:1)
	at cn.crazy.appium.base.AndroidDriverBase.execute(AndroidDriverBase.java:1)
	at org.openqa.selenium.remote.RemoteWebElement.execute(RemoteWebElement.java:275)
	at io.appium.java_client.DefaultGenericMobileElement.execute(DefaultGenericMobileElement.java:45)
	at io.appium.java_client.MobileElement.execute(MobileElement.java:1)
	at io.appium.java_client.android.AndroidElement.execute(AndroidElement.java:1)
	at org.openqa.selenium.remote.RemoteWebElement.click(RemoteWebElement.java:82)
	at cn.crazy.appium.page.WeChatPage.searchAdd(WeChatPage.java:94)
	at cn.crazy.appium.testcases.WeChatCase.sreachAddProductCase(WeChatCase.java:57)
	at sun.reflect.NativeMethodAccessorImpl.invoke0(Native Method)
	at sun.reflect.NativeMethodAccessorImpl.invoke(NativeMethodAccessorImpl.java:62)
	at sun.reflect.DelegatingMethodAccessorImpl.invoke(DelegatingMethodAccessorImpl.java:43)
	at java.lang.reflect.Method.invoke(Method.java:498)
	at org.testng.internal.MethodInvocationHelper.invokeMethod(MethodInvocationHelper.java:84)
	at org.testng.internal.Invoker.invokeMethod(Invoker.java:714)
	at org.testng.internal.Invoker.invokeTestMethod(Invoker.java:901)
	at org.testng.internal.Invoker.invokeTestMethods(Invoker.java:1231)
	at org.testng.internal.TestMethodWorker.invokeTestMethods(TestMethodWorker.java:127)
	at org.testng.internal.TestMethodWorker.run(TestMethodWorker.java:111)
	at org.testng.TestRunner.privateRun(TestRunner.java:767)
	at org.testng.TestRunner.run(TestRunner.java:617)
	at org.testng.SuiteRunner.runTest(SuiteRunner.java:335)
	at org.testng.SuiteRunner.access$000(SuiteRunner.java:37)
	at org.testng.SuiteRunner$SuiteWorker.run(SuiteRunner.java:369)
	at org.testng.internal.thread.ThreadUtil$2.call(ThreadUtil.java:64)
	at java.util.concurrent.FutureTask.run(FutureTask.java:266)
	at java.util.concurrent.ThreadPoolExecutor.runWorker(ThreadPoolExecutor.java:1149)
	at java.util.concurrent.ThreadPoolExecutor$Worker.run(ThreadPoolExecutor.java:624)
	at java.lang.Thread.run(Thread.java:748)
]]>
            </full-stacktrace>
          </exception> <!-- org.openqa.selenium.NoSuchElementException -->
          <reporter-output>
          </reporter-output>
        </test-method> <!-- sreachAddProductCase -->
        <test-method status="PASS" signature="resetInput()[pri:0, instance:cn.crazy.appium.testcases.WeChatCase@1e397ed7]" name="resetInput" is-config="true" duration-ms="868" started-at="2018-03-30T14:47:00Z" finished-at="2018-03-30T14:47:01Z">
          <reporter-output>
          </reporter-output>
        </test-method> <!-- resetInput -->
      </class> <!-- cn.crazy.appium.testcases.WeChatCase -->
    </test> <!-- c8ebc45e -->
  </suite> <!-- Suite -->
</testng-results>
